[debug] [2024-04-16T05:29:38.393Z] ----------------------------------------------------------------------
[debug] [2024-04-16T05:29:38.396Z] Command:       C:\Program Files\nodejs\node.exe C:\Users\lawre\AppData\Roaming\npm\node_modules\firebase-tools\lib\bin\firebase.js emulators:start
[debug] [2024-04-16T05:29:38.396Z] CLI Version:   13.6.0
[debug] [2024-04-16T05:29:38.396Z] Platform:      win32
[debug] [2024-04-16T05:29:38.396Z] Node Version:  v20.11.0
[debug] [2024-04-16T05:29:38.397Z] Time:          Tue Apr 16 2024 07:29:38 GMT+0200 (South Africa Standard Time)
[debug] [2024-04-16T05:29:38.397Z] ----------------------------------------------------------------------
[debug] 
[debug] [2024-04-16T05:29:38.542Z] > command requires scopes: ["email","openid","https://www.googleapis.com/auth/cloudplatformprojects.readonly","https://www.googleapis.com/auth/firebase","https://www.googleapis.com/auth/cloud-platform"]
[debug] [2024-04-16T05:29:38.542Z] > authorizing via signed-in user (lawrencempho813@gmail.com)
[info] i  emulators: Starting emulators: functions {"metadata":{"emulator":{"name":"hub"},"message":"Starting emulators: functions"}}
[debug] [2024-04-16T05:29:38.553Z] [logging] Logging Emulator only supports listening on one address (127.0.0.1). Not listening on ::1
[debug] [2024-04-16T05:29:38.553Z] assigned listening specs for emulators {"user":{"hub":[{"address":"127.0.0.1","family":"IPv4","port":4400},{"address":"::1","family":"IPv6","port":4400}],"ui":[{"address":"127.0.0.1","family":"IPv4","port":4000},{"address":"::1","family":"IPv6","port":4000}],"logging":[{"address":"127.0.0.1","family":"IPv4","port":4500}]},"metadata":{"message":"assigned listening specs for emulators"}}
[debug] [2024-04-16T05:29:38.558Z] [hub] writing locator at C:\Users\lawre\AppData\Local\Temp\hub-clone-592f9.json
[debug] [2024-04-16T05:29:38.580Z] [functions] Functions Emulator only supports listening on one address (127.0.0.1). Not listening on ::1
[debug] [2024-04-16T05:29:38.580Z] [eventarc] Eventarc Emulator only supports listening on one address (127.0.0.1). Not listening on ::1
[debug] [2024-04-16T05:29:38.580Z] late-assigned ports for functions and eventarc emulators {"user":{"hub":[{"address":"127.0.0.1","family":"IPv4","port":4400},{"address":"::1","family":"IPv6","port":4400}],"ui":[{"address":"127.0.0.1","family":"IPv4","port":4000},{"address":"::1","family":"IPv6","port":4000}],"logging":[{"address":"127.0.0.1","family":"IPv4","port":4500}],"functions":[{"address":"127.0.0.1","family":"IPv4","port":5001}],"eventarc":[{"address":"127.0.0.1","family":"IPv4","port":9299}]},"metadata":{"message":"late-assigned ports for functions and eventarc emulators"}}
[warn] !  functions: The following emulators are not running, calls to these services from the Functions emulator will affect production: auth, firestore, database, hosting, pubsub, storage {"metadata":{"emulator":{"name":"functions"},"message":"The following emulators are not running, calls to these services from the Functions emulator will affect production: \u001b[1mauth, firestore, database, hosting, pubsub, storage\u001b[22m"}}
[debug] [2024-04-16T05:29:38.584Z] defaultcredentials: writing to file C:\Users\lawre\AppData\Roaming\firebase\lawrencempho813_gmail_com_application_default_credentials.json
[debug] [2024-04-16T05:29:38.589Z] Setting GAC to C:\Users\lawre\AppData\Roaming\firebase\lawrencempho813_gmail_com_application_default_credentials.json {"metadata":{"emulator":{"name":"functions"},"message":"Setting GAC to C:\\Users\\lawre\\AppData\\Roaming\\firebase\\lawrencempho813_gmail_com_application_default_credentials.json"}}
[debug] [2024-04-16T05:29:38.592Z] >>> [apiv2][query] GET https://firebase.googleapis.com/v1beta1/projects/clone-592f9/adminSdkConfig [none]
[debug] [2024-04-16T05:29:39.260Z] <<< [apiv2][status] GET https://firebase.googleapis.com/v1beta1/projects/clone-592f9/adminSdkConfig 200
[debug] [2024-04-16T05:29:39.260Z] <<< [apiv2][body] GET https://firebase.googleapis.com/v1beta1/projects/clone-592f9/adminSdkConfig {"projectId":"clone-592f9","storageBucket":"clone-592f9.appspot.com"}
[info] i  ui: downloading ui-v1.11.8.zip... {"metadata":{"emulator":{"name":"ui"},"message":"downloading ui-v1.11.8.zip..."}}
[debug] [2024-04-16T05:29:39.283Z] >>> [apiv2][query] GET https://storage.googleapis.com/firebase-preview-drop/emulator/ui-v1.11.8.zip 
[debug] [2024-04-16T05:29:39.899Z] <<< [apiv2][status] GET https://storage.googleapis.com/firebase-preview-drop/emulator/ui-v1.11.8.zip 200
[debug] [2024-04-16T05:29:39.900Z] <<< [apiv2][body] GET https://storage.googleapis.com/firebase-preview-drop/emulator/ui-v1.11.8.zip [stream]
[debug] [2024-04-16T05:29:41.450Z] Data is 3523907
[debug] [2024-04-16T05:29:41.450Z] [unzip] Entry: client/ (compressed_size=0 bytes, uncompressed_size=0 bytes)
[debug] [2024-04-16T05:29:41.450Z] [unzip] Processing entry: client\
[debug] [2024-04-16T05:29:41.450Z] [unzip] mkdir: C:\Users\lawre\.cache\firebase\emulators\ui-v1.11.8\client\
[debug] [2024-04-16T05:29:41.452Z] [unzip] Entry: client/favicon.ico (compressed_size=2497 bytes, uncompressed_size=7406 bytes)
[debug] [2024-04-16T05:29:41.452Z] [unzip] Processing entry: client\favicon.ico
[debug] [2024-04-16T05:29:41.452Z] [unzip] else mkdir: C:\Users\lawre\.cache\firebase\emulators\ui-v1.11.8\client
[debug] [2024-04-16T05:29:41.453Z] [unzip] deflating: C:\Users\lawre\.cache\firebase\emulators\ui-v1.11.8\client\favicon.ico
[debug] [2024-04-16T05:29:41.458Z] [unzip] Entry: client/apple-touch-icon.png (compressed_size=7231 bytes, uncompressed_size=7367 bytes)
[debug] [2024-04-16T05:29:41.458Z] [unzip] Processing entry: client\apple-touch-icon.png
[debug] [2024-04-16T05:29:41.458Z] [unzip] else mkdir: C:\Users\lawre\.cache\firebase\emulators\ui-v1.11.8\client
[debug] [2024-04-16T05:29:41.458Z] [unzip] deflating: C:\Users\lawre\.cache\firebase\emulators\ui-v1.11.8\client\apple-touch-icon.png
[debug] [2024-04-16T05:29:41.460Z] [unzip] Entry: client/android-chrome-512x512.png (compressed_size=16987 bytes, uncompressed_size=18186 bytes)
[debug] [2024-04-16T05:29:41.460Z] [unzip] Processing entry: client\android-chrome-512x512.png
[debug] [2024-04-16T05:29:41.460Z] [unzip] else mkdir: C:\Users\lawre\.cache\firebase\emulators\ui-v1.11.8\client
[debug] [2024-04-16T05:29:41.460Z] [unzip] deflating: C:\Users\lawre\.cache\firebase\emulators\ui-v1.11.8\client\android-chrome-512x512.png
[debug] [2024-04-16T05:29:41.466Z] [unzip] Entry: client/assets/ (compressed_size=0 bytes, uncompressed_size=0 bytes)
[debug] [2024-04-16T05:29:41.466Z] [unzip] Processing entry: client\assets\
[debug] [2024-04-16T05:29:41.466Z] [unzip] mkdir: C:\Users\lawre\.cache\firebase\emulators\ui-v1.11.8\client\assets\
[debug] [2024-04-16T05:29:41.468Z] [unzip] Entry: client/assets/extensions/ (compressed_size=0 bytes, uncompressed_size=0 bytes)
[debug] [2024-04-16T05:29:41.468Z] [unzip] Processing entry: client\assets\extensions\
[debug] [2024-04-16T05:29:41.468Z] [unzip] mkdir: C:\Users\lawre\.cache\firebase\emulators\ui-v1.11.8\client\assets\extensions\
[debug] [2024-04-16T05:29:41.468Z] [unzip] Entry: client/assets/extensions/default-extension.png (compressed_size=1646 bytes, uncompressed_size=1657 bytes)
[debug] [2024-04-16T05:29:41.469Z] [unzip] Processing entry: client\assets\extensions\default-extension.png
[debug] [2024-04-16T05:29:41.469Z] [unzip] else mkdir: C:\Users\lawre\.cache\firebase\emulators\ui-v1.11.8\client\assets\extensions
[debug] [2024-04-16T05:29:41.469Z] [unzip] deflating: C:\Users\lawre\.cache\firebase\emulators\ui-v1.11.8\client\assets\extensions\default-extension.png
[debug] [2024-04-16T05:29:41.470Z] [unzip] Entry: client/assets/index-Z4-ilXvq.js.map (compressed_size=2229704 bytes, uncompressed_size=9599487 bytes)
[debug] [2024-04-16T05:29:41.470Z] [unzip] Processing entry: client\assets\index-Z4-ilXvq.js.map
[debug] [2024-04-16T05:29:41.470Z] [unzip] else mkdir: C:\Users\lawre\.cache\firebase\emulators\ui-v1.11.8\client\assets
[debug] [2024-04-16T05:29:41.470Z] [unzip] deflating: C:\Users\lawre\.cache\firebase\emulators\ui-v1.11.8\client\assets\index-Z4-ilXvq.js.map
[debug] [2024-04-16T05:29:41.517Z] [unzip] Entry: client/assets/provider-icons/ (compressed_size=0 bytes, uncompressed_size=0 bytes)
[debug] [2024-04-16T05:29:41.517Z] [unzip] Processing entry: client\assets\provider-icons\
[debug] [2024-04-16T05:29:41.517Z] [unzip] mkdir: C:\Users\lawre\.cache\firebase\emulators\ui-v1.11.8\client\assets\provider-icons\
[debug] [2024-04-16T05:29:41.518Z] [unzip] Entry: client/assets/provider-icons/auth_service_oidc.svg (compressed_size=414 bytes, uncompressed_size=858 bytes)
[debug] [2024-04-16T05:29:41.518Z] [unzip] Processing entry: client\assets\provider-icons\auth_service_oidc.svg
[debug] [2024-04-16T05:29:41.518Z] [unzip] else mkdir: C:\Users\lawre\.cache\firebase\emulators\ui-v1.11.8\client\assets\provider-icons
[debug] [2024-04-16T05:29:41.518Z] [unzip] deflating: C:\Users\lawre\.cache\firebase\emulators\ui-v1.11.8\client\assets\provider-icons\auth_service_oidc.svg
[debug] [2024-04-16T05:29:41.519Z] [unzip] Entry: client/assets/provider-icons/auth_service_yahoo.svg (compressed_size=577 bytes, uncompressed_size=1182 bytes)
[debug] [2024-04-16T05:29:41.519Z] [unzip] Processing entry: client\assets\provider-icons\auth_service_yahoo.svg
[debug] [2024-04-16T05:29:41.519Z] [unzip] else mkdir: C:\Users\lawre\.cache\firebase\emulators\ui-v1.11.8\client\assets\provider-icons
[debug] [2024-04-16T05:29:41.519Z] [unzip] deflating: C:\Users\lawre\.cache\firebase\emulators\ui-v1.11.8\client\assets\provider-icons\auth_service_yahoo.svg
[debug] [2024-04-16T05:29:41.520Z] [unzip] Entry: client/assets/provider-icons/auth_service_phone.svg (compressed_size=261 bytes, uncompressed_size=414 bytes)
[debug] [2024-04-16T05:29:41.520Z] [unzip] Processing entry: client\assets\provider-icons\auth_service_phone.svg
[debug] [2024-04-16T05:29:41.520Z] [unzip] else mkdir: C:\Users\lawre\.cache\firebase\emulators\ui-v1.11.8\client\assets\provider-icons
[debug] [2024-04-16T05:29:41.520Z] [unzip] deflating: C:\Users\lawre\.cache\firebase\emulators\ui-v1.11.8\client\assets\provider-icons\auth_service_phone.svg
[debug] [2024-04-16T05:29:41.521Z] [unzip] Entry: client/assets/provider-icons/auth_service_saml.svg (compressed_size=575 bytes, uncompressed_size=1226 bytes)
[debug] [2024-04-16T05:29:41.522Z] [unzip] Processing entry: client\assets\provider-icons\auth_service_saml.svg
[debug] [2024-04-16T05:29:41.522Z] [unzip] else mkdir: C:\Users\lawre\.cache\firebase\emulators\ui-v1.11.8\client\assets\provider-icons
[debug] [2024-04-16T05:29:41.522Z] [unzip] deflating: C:\Users\lawre\.cache\firebase\emulators\ui-v1.11.8\client\assets\provider-icons\auth_service_saml.svg
[debug] [2024-04-16T05:29:41.523Z] [unzip] Entry: client/assets/provider-icons/auth_service_mslive.svg (compressed_size=203 bytes, uncompressed_size=378 bytes)
[debug] [2024-04-16T05:29:41.523Z] [unzip] Processing entry: client\assets\provider-icons\auth_service_mslive.svg
[debug] [2024-04-16T05:29:41.523Z] [unzip] else mkdir: C:\Users\lawre\.cache\firebase\emulators\ui-v1.11.8\client\assets\provider-icons
[debug] [2024-04-16T05:29:41.523Z] [unzip] deflating: C:\Users\lawre\.cache\firebase\emulators\ui-v1.11.8\client\assets\provider-icons\auth_service_mslive.svg
[debug] [2024-04-16T05:29:41.524Z] [unzip] Entry: client/assets/provider-icons/auth_service_facebook.svg (compressed_size=289 bytes, uncompressed_size=457 bytes)
[debug] [2024-04-16T05:29:41.524Z] [unzip] Processing entry: client\assets\provider-icons\auth_service_facebook.svg
[debug] [2024-04-16T05:29:41.524Z] [unzip] else mkdir: C:\Users\lawre\.cache\firebase\emulators\ui-v1.11.8\client\assets\provider-icons
[debug] [2024-04-16T05:29:41.524Z] [unzip] deflating: C:\Users\lawre\.cache\firebase\emulators\ui-v1.11.8\client\assets\provider-icons\auth_service_facebook.svg
[debug] [2024-04-16T05:29:41.525Z] [unzip] Entry: client/assets/provider-icons/auth_service_play_games.svg (compressed_size=565 bytes, uncompressed_size=1173 bytes)
[debug] [2024-04-16T05:29:41.525Z] [unzip] Processing entry: client\assets\provider-icons\auth_service_play_games.svg
[debug] [2024-04-16T05:29:41.525Z] [unzip] else mkdir: C:\Users\lawre\.cache\firebase\emulators\ui-v1.11.8\client\assets\provider-icons
[debug] [2024-04-16T05:29:41.525Z] [unzip] deflating: C:\Users\lawre\.cache\firebase\emulators\ui-v1.11.8\client\assets\provider-icons\auth_service_play_games.svg
[debug] [2024-04-16T05:29:41.526Z] [unzip] Entry: client/assets/provider-icons/auth_service_github.svg (compressed_size=466 bytes, uncompressed_size=838 bytes)
[debug] [2024-04-16T05:29:41.527Z] [unzip] Processing entry: client\assets\provider-icons\auth_service_github.svg
[debug] [2024-04-16T05:29:41.527Z] [unzip] else mkdir: C:\Users\lawre\.cache\firebase\emulators\ui-v1.11.8\client\assets\provider-icons
[debug] [2024-04-16T05:29:41.527Z] [unzip] deflating: C:\Users\lawre\.cache\firebase\emulators\ui-v1.11.8\client\assets\provider-icons\auth_service_github.svg
[debug] [2024-04-16T05:29:41.527Z] [unzip] Entry: client/assets/provider-icons/auth_service_apple.svg (compressed_size=230 bytes, uncompressed_size=334 bytes)
[debug] [2024-04-16T05:29:41.527Z] [unzip] Processing entry: client\assets\provider-icons\auth_service_apple.svg
[debug] [2024-04-16T05:29:41.528Z] [unzip] else mkdir: C:\Users\lawre\.cache\firebase\emulators\ui-v1.11.8\client\assets\provider-icons
[debug] [2024-04-16T05:29:41.528Z] [unzip] deflating: C:\Users\lawre\.cache\firebase\emulators\ui-v1.11.8\client\assets\provider-icons\auth_service_apple.svg
[debug] [2024-04-16T05:29:41.531Z] [unzip] Entry: client/assets/provider-icons/auth_service_google.svg (compressed_size=409 bytes, uncompressed_size=720 bytes)
[debug] [2024-04-16T05:29:41.531Z] [unzip] Processing entry: client\assets\provider-icons\auth_service_google.svg
[debug] [2024-04-16T05:29:41.531Z] [unzip] else mkdir: C:\Users\lawre\.cache\firebase\emulators\ui-v1.11.8\client\assets\provider-icons
[debug] [2024-04-16T05:29:41.532Z] [unzip] deflating: C:\Users\lawre\.cache\firebase\emulators\ui-v1.11.8\client\assets\provider-icons\auth_service_google.svg
[debug] [2024-04-16T05:29:41.533Z] [unzip] Entry: client/assets/provider-icons/auth_service_email.svg (compressed_size=228 bytes, uncompressed_size=326 bytes)
[debug] [2024-04-16T05:29:41.533Z] [unzip] Processing entry: client\assets\provider-icons\auth_service_email.svg
[debug] [2024-04-16T05:29:41.533Z] [unzip] else mkdir: C:\Users\lawre\.cache\firebase\emulators\ui-v1.11.8\client\assets\provider-icons
[debug] [2024-04-16T05:29:41.533Z] [unzip] deflating: C:\Users\lawre\.cache\firebase\emulators\ui-v1.11.8\client\assets\provider-icons\auth_service_email.svg
[debug] [2024-04-16T05:29:41.534Z] [unzip] Entry: client/assets/provider-icons/auth_service_twitter.svg (compressed_size=444 bytes, uncompressed_size=751 bytes)
[debug] [2024-04-16T05:29:41.534Z] [unzip] Processing entry: client\assets\provider-icons\auth_service_twitter.svg
[debug] [2024-04-16T05:29:41.534Z] [unzip] else mkdir: C:\Users\lawre\.cache\firebase\emulators\ui-v1.11.8\client\assets\provider-icons
[debug] [2024-04-16T05:29:41.534Z] [unzip] deflating: C:\Users\lawre\.cache\firebase\emulators\ui-v1.11.8\client\assets\provider-icons\auth_service_twitter.svg
[debug] [2024-04-16T05:29:41.535Z] [unzip] Entry: client/assets/provider-icons/auth_service_game_center.svg (compressed_size=991 bytes, uncompressed_size=3921 bytes)
[debug] [2024-04-16T05:29:41.535Z] [unzip] Processing entry: client\assets\provider-icons\auth_service_game_center.svg
[debug] [2024-04-16T05:29:41.535Z] [unzip] else mkdir: C:\Users\lawre\.cache\firebase\emulators\ui-v1.11.8\client\assets\provider-icons
[debug] [2024-04-16T05:29:41.535Z] [unzip] deflating: C:\Users\lawre\.cache\firebase\emulators\ui-v1.11.8\client\assets\provider-icons\auth_service_game_center.svg
[debug] [2024-04-16T05:29:41.536Z] [unzip] Entry: client/assets/img/ (compressed_size=0 bytes, uncompressed_size=0 bytes)
[debug] [2024-04-16T05:29:41.536Z] [unzip] Processing entry: client\assets\img\
[debug] [2024-04-16T05:29:41.536Z] [unzip] mkdir: C:\Users\lawre\.cache\firebase\emulators\ui-v1.11.8\client\assets\img\
[debug] [2024-04-16T05:29:41.536Z] [unzip] Entry: client/assets/img/database.png (compressed_size=29449 bytes, uncompressed_size=29988 bytes)
[debug] [2024-04-16T05:29:41.536Z] [unzip] Processing entry: client\assets\img\database.png
[debug] [2024-04-16T05:29:41.536Z] [unzip] else mkdir: C:\Users\lawre\.cache\firebase\emulators\ui-v1.11.8\client\assets\img
[debug] [2024-04-16T05:29:41.537Z] [unzip] deflating: C:\Users\lawre\.cache\firebase\emulators\ui-v1.11.8\client\assets\img\database.png
[debug] [2024-04-16T05:29:41.537Z] [unzip] Entry: client/assets/index-Cj5I7867.css (compressed_size=35786 bytes, uncompressed_size=297937 bytes)
[debug] [2024-04-16T05:29:41.537Z] [unzip] Processing entry: client\assets\index-Cj5I7867.css
[debug] [2024-04-16T05:29:41.537Z] [unzip] else mkdir: C:\Users\lawre\.cache\firebase\emulators\ui-v1.11.8\client\assets
[debug] [2024-04-16T05:29:41.538Z] [unzip] deflating: C:\Users\lawre\.cache\firebase\emulators\ui-v1.11.8\client\assets\index-Cj5I7867.css
[debug] [2024-04-16T05:29:41.539Z] [unzip] Entry: client/assets/index-Z4-ilXvq.js (compressed_size=563876 bytes, uncompressed_size=2021818 bytes)
[debug] [2024-04-16T05:29:41.539Z] [unzip] Processing entry: client\assets\index-Z4-ilXvq.js
[debug] [2024-04-16T05:29:41.539Z] [unzip] else mkdir: C:\Users\lawre\.cache\firebase\emulators\ui-v1.11.8\client\assets
[debug] [2024-04-16T05:29:41.539Z] [unzip] deflating: C:\Users\lawre\.cache\firebase\emulators\ui-v1.11.8\client\assets\index-Z4-ilXvq.js
[debug] [2024-04-16T05:29:41.552Z] [unzip] Entry: client/safari-pinned-tab.svg (compressed_size=838 bytes, uncompressed_size=1504 bytes)
[debug] [2024-04-16T05:29:41.552Z] [unzip] Processing entry: client\safari-pinned-tab.svg
[debug] [2024-04-16T05:29:41.552Z] [unzip] else mkdir: C:\Users\lawre\.cache\firebase\emulators\ui-v1.11.8\client
[debug] [2024-04-16T05:29:41.552Z] [unzip] deflating: C:\Users\lawre\.cache\firebase\emulators\ui-v1.11.8\client\safari-pinned-tab.svg
[debug] [2024-04-16T05:29:41.554Z] [unzip] Entry: client/mstile-150x150.png (compressed_size=5406 bytes, uncompressed_size=5723 bytes)
[debug] [2024-04-16T05:29:41.554Z] [unzip] Processing entry: client\mstile-150x150.png
[debug] [2024-04-16T05:29:41.554Z] [unzip] else mkdir: C:\Users\lawre\.cache\firebase\emulators\ui-v1.11.8\client
[debug] [2024-04-16T05:29:41.554Z] [unzip] deflating: C:\Users\lawre\.cache\firebase\emulators\ui-v1.11.8\client\mstile-150x150.png
[debug] [2024-04-16T05:29:41.555Z] [unzip] Entry: client/browserconfig.xml (compressed_size=491 bytes, uncompressed_size=822 bytes)
[debug] [2024-04-16T05:29:41.555Z] [unzip] Processing entry: client\browserconfig.xml
[debug] [2024-04-16T05:29:41.555Z] [unzip] else mkdir: C:\Users\lawre\.cache\firebase\emulators\ui-v1.11.8\client
[debug] [2024-04-16T05:29:41.556Z] [unzip] deflating: C:\Users\lawre\.cache\firebase\emulators\ui-v1.11.8\client\browserconfig.xml
[debug] [2024-04-16T05:29:41.557Z] [unzip] Entry: client/robots.txt (compressed_size=26 bytes, uncompressed_size=26 bytes)
[debug] [2024-04-16T05:29:41.557Z] [unzip] Processing entry: client\robots.txt
[debug] [2024-04-16T05:29:41.557Z] [unzip] else mkdir: C:\Users\lawre\.cache\firebase\emulators\ui-v1.11.8\client
[debug] [2024-04-16T05:29:41.557Z] [unzip] Writing file: C:\Users\lawre\.cache\firebase\emulators\ui-v1.11.8\client\robots.txt
[debug] [2024-04-16T05:29:41.558Z] [unzip] Entry: client/index.html (compressed_size=1365 bytes, uncompressed_size=3071 bytes)
[debug] [2024-04-16T05:29:41.558Z] [unzip] Processing entry: client\index.html
[debug] [2024-04-16T05:29:41.558Z] [unzip] else mkdir: C:\Users\lawre\.cache\firebase\emulators\ui-v1.11.8\client
[debug] [2024-04-16T05:29:41.558Z] [unzip] deflating: C:\Users\lawre\.cache\firebase\emulators\ui-v1.11.8\client\index.html
[debug] [2024-04-16T05:29:41.559Z] [unzip] Entry: client/favicon-16x16.png (compressed_size=757 bytes, uncompressed_size=777 bytes)
[debug] [2024-04-16T05:29:41.559Z] [unzip] Processing entry: client\favicon-16x16.png
[debug] [2024-04-16T05:29:41.559Z] [unzip] else mkdir: C:\Users\lawre\.cache\firebase\emulators\ui-v1.11.8\client
[debug] [2024-04-16T05:29:41.559Z] [unzip] deflating: C:\Users\lawre\.cache\firebase\emulators\ui-v1.11.8\client\favicon-16x16.png
[debug] [2024-04-16T05:29:41.560Z] [unzip] Entry: client/manifest.json (compressed_size=246 bytes, uncompressed_size=551 bytes)
[debug] [2024-04-16T05:29:41.560Z] [unzip] Processing entry: client\manifest.json
[debug] [2024-04-16T05:29:41.560Z] [unzip] else mkdir: C:\Users\lawre\.cache\firebase\emulators\ui-v1.11.8\client
[debug] [2024-04-16T05:29:41.560Z] [unzip] deflating: C:\Users\lawre\.cache\firebase\emulators\ui-v1.11.8\client\manifest.json
[debug] [2024-04-16T05:29:41.561Z] [unzip] Entry: client/favicon-32x32.png (compressed_size=1175 bytes, uncompressed_size=1175 bytes)
[debug] [2024-04-16T05:29:41.561Z] [unzip] Processing entry: client\favicon-32x32.png
[debug] [2024-04-16T05:29:41.561Z] [unzip] else mkdir: C:\Users\lawre\.cache\firebase\emulators\ui-v1.11.8\client
[debug] [2024-04-16T05:29:41.561Z] [unzip] Writing file: C:\Users\lawre\.cache\firebase\emulators\ui-v1.11.8\client\favicon-32x32.png
[debug] [2024-04-16T05:29:41.564Z] [unzip] Entry: client/android-chrome-192x192.png (compressed_size=7602 bytes, uncompressed_size=7834 bytes)
[debug] [2024-04-16T05:29:41.564Z] [unzip] Processing entry: client\android-chrome-192x192.png
[debug] [2024-04-16T05:29:41.564Z] [unzip] else mkdir: C:\Users\lawre\.cache\firebase\emulators\ui-v1.11.8\client
[debug] [2024-04-16T05:29:41.564Z] [unzip] deflating: C:\Users\lawre\.cache\firebase\emulators\ui-v1.11.8\client\android-chrome-192x192.png
[debug] [2024-04-16T05:29:41.565Z] [unzip] Entry: server/ (compressed_size=0 bytes, uncompressed_size=0 bytes)
[debug] [2024-04-16T05:29:41.565Z] [unzip] Processing entry: server\
[debug] [2024-04-16T05:29:41.566Z] [unzip] mkdir: C:\Users\lawre\.cache\firebase\emulators\ui-v1.11.8\server\
[debug] [2024-04-16T05:29:41.566Z] [unzip] Entry: server/server.mjs (compressed_size=311497 bytes, uncompressed_size=1147307 bytes)
[debug] [2024-04-16T05:29:41.566Z] [unzip] Processing entry: server\server.mjs
[debug] [2024-04-16T05:29:41.566Z] [unzip] else mkdir: C:\Users\lawre\.cache\firebase\emulators\ui-v1.11.8\server
[debug] [2024-04-16T05:29:41.566Z] [unzip] deflating: C:\Users\lawre\.cache\firebase\emulators\ui-v1.11.8\server\server.mjs
[debug] [2024-04-16T05:29:41.571Z] [unzip] Entry: server/assets/ (compressed_size=0 bytes, uncompressed_size=0 bytes)
[debug] [2024-04-16T05:29:41.571Z] [unzip] Processing entry: server\assets\
[debug] [2024-04-16T05:29:41.571Z] [unzip] mkdir: C:\Users\lawre\.cache\firebase\emulators\ui-v1.11.8\server\assets\
[debug] [2024-04-16T05:29:41.571Z] [unzip] Entry: server/assets/multipart-parser-n20ATYm_.mjs.map (compressed_size=4790 bytes, uncompressed_size=17920 bytes)
[debug] [2024-04-16T05:29:41.571Z] [unzip] Processing entry: server\assets\multipart-parser-n20ATYm_.mjs.map
[debug] [2024-04-16T05:29:41.572Z] [unzip] else mkdir: C:\Users\lawre\.cache\firebase\emulators\ui-v1.11.8\server\assets
[debug] [2024-04-16T05:29:41.572Z] [unzip] deflating: C:\Users\lawre\.cache\firebase\emulators\ui-v1.11.8\server\assets\multipart-parser-n20ATYm_.mjs.map
[debug] [2024-04-16T05:29:41.573Z] [unzip] Entry: server/assets/multipart-parser-n20ATYm_.mjs (compressed_size=2625 bytes, uncompressed_size=10428 bytes)
[debug] [2024-04-16T05:29:41.573Z] [unzip] Processing entry: server\assets\multipart-parser-n20ATYm_.mjs
[debug] [2024-04-16T05:29:41.573Z] [unzip] else mkdir: C:\Users\lawre\.cache\firebase\emulators\ui-v1.11.8\server\assets
[debug] [2024-04-16T05:29:41.573Z] [unzip] deflating: C:\Users\lawre\.cache\firebase\emulators\ui-v1.11.8\server\assets\multipart-parser-n20ATYm_.mjs
[debug] [2024-04-16T05:29:41.574Z] [unzip] Entry: server/server.mjs.map (compressed_size=286219 bytes, uncompressed_size=1310517 bytes)
[debug] [2024-04-16T05:29:41.574Z] [unzip] Processing entry: server\server.mjs.map
[debug] [2024-04-16T05:29:41.574Z] [unzip] else mkdir: C:\Users\lawre\.cache\firebase\emulators\ui-v1.11.8\server
[debug] [2024-04-16T05:29:41.574Z] [unzip] deflating: C:\Users\lawre\.cache\firebase\emulators\ui-v1.11.8\server\server.mjs.map
[debug] [2024-04-16T05:29:41.583Z] Ignoring unsupported arg: auto_download {"metadata":{"emulator":{"name":"ui"},"message":"Ignoring unsupported arg: auto_download"}}
[debug] [2024-04-16T05:29:41.583Z] Ignoring unsupported arg: port {"metadata":{"emulator":{"name":"ui"},"message":"Ignoring unsupported arg: port"}}
[debug] [2024-04-16T05:29:41.583Z] Starting Emulator UI with command {"binary":"node","args":["C:\\Users\\lawre\\.cache\\firebase\\emulators\\ui-v1.11.8\\server\\server.mjs"],"optionalArgs":[],"joinArgs":false} {"metadata":{"emulator":{"name":"ui"},"message":"Starting Emulator UI with command {\"binary\":\"node\",\"args\":[\"C:\\\\Users\\\\lawre\\\\.cache\\\\firebase\\\\emulators\\\\ui-v1.11.8\\\\server\\\\server.mjs\"],\"optionalArgs\":[],\"joinArgs\":false}"}}
[info] i  ui: Emulator UI logging to ui-debug.log {"metadata":{"emulator":{"name":"ui"},"message":"Emulator UI logging to \u001b[1mui-debug.log\u001b[22m"}}
[debug] [2024-04-16T05:29:41.741Z] Web / API server started at 127.0.0.1:4000
 {"metadata":{"emulator":{"name":"ui"},"message":"Web / API server started at 127.0.0.1:4000\n"}}
[debug] [2024-04-16T05:29:41.741Z] Web / API server started at ::1:4000
 {"metadata":{"emulator":{"name":"ui"},"message":"Web / API server started at ::1:4000\n"}}
[info] i  functions: Watching "C:\Users\lawre\my-react-app\functions" for Cloud Functions... {"metadata":{"emulator":{"name":"functions"},"message":"Watching \"C:\\Users\\lawre\\my-react-app\\functions\" for Cloud Functions..."}}
[debug] [2024-04-16T05:29:41.864Z] Validating nodejs source
[debug] [2024-04-16T05:29:44.605Z] > [functions] package.json contents: {
  "name": "functions",
  "description": "Cloud Functions for Firebase",
  "scripts": {
    "lint": "eslint .",
    "serve": "firebase emulators:start --only functions",
    "shell": "firebase functions:shell",
    "start": "npm run shell",
    "deploy": "firebase deploy --only functions",
    "logs": "firebase functions:log"
  },
  "engines": {
    "node": "18"
  },
  "main": "index.js",
  "dependencies": {
    "cors": "^2.8.5",
    "express": "^4.19.2",
    "firebase-admin": "^11.8.0",
    "firebase-functions": "^4.3.1",
    "stripe": "^15.1.0"
  },
  "devDependencies": {
    "eslint": "^8.15.0",
    "eslint-config-google": "^0.14.0",
    "firebase-functions-test": "^3.1.0"
  },
  "private": true
}
[debug] [2024-04-16T05:29:44.605Z] Building nodejs source
[debug] [2024-04-16T05:29:44.605Z] Failed to find version of module node: reached end of search path C:\Users\lawre\my-react-app\functions\node_modules
[warn] !  functions: Your requested "node" version "18" doesn't match your global version "20". Using node@20 from host. 
[debug] [2024-04-16T05:29:44.608Z] Could not find functions.yaml. Must use http discovery
[debug] [2024-04-16T05:29:44.615Z] Found firebase-functions binary at 'C:\Users\lawre\my-react-app\functions\node_modules\.bin\firebase-functions'
[info] Serving at port 8054

[error] Error: Cannot find module 'firebase-function'
Require stack:
- C:\Users\lawre\my-react-app\functions\index.js
- C:\Users\lawre\my-react-app\functions\node_modules\firebase-functions\lib\runtime\loader.js
- C:\Users\lawre\my-react-app\functions\node_modules\firebase-functions\lib\bin\firebase-functions.js
    at Module._resolveFilename (node:internal/modules/cjs/loader:1144:15)
    at Module._load (node:internal/modules/cjs/loader:985:27)
    at Module.require (node:internal/modules/cjs/loader:1235:19)
    at require (node:internal/modules/helpers:176:18)
    at Object.<anonymous> (C:\Users\lawre\my-react-app\functions\index.js:1:19)
    at Module._compile (node:internal/modules/cjs/loader:1376:14)
    at Module._extensions..js (node:internal/modules/cjs/loader:1435:10)
    at Module.load (node:internal/modules/cjs/loader:1207:32)
    at Module._load (node:internal/modules/cjs/loader:1023:12)
    at Module.require (node:internal/modules/cjs/loader:1235:19) {
  code: 'MODULE_NOT_FOUND',
  requireStack: [
    'C:\\Users\\lawre\\my-react-app\\functions\\index.js',
    'C:\\Users\\lawre\\my-react-app\\functions\\node_modules\\firebase-functions\\lib\\runtime\\loader.js',
    'C:\\Users\\lawre\\my-react-app\\functions\\node_modules\\firebase-functions\\lib\\bin\\firebase-functions.js'
  ]
}

[debug] [2024-04-16T05:29:45.218Z] Got response code 400; body Failed to generate manifest from function source: Error: Cannot find module 'firebase-function'
Require stack:
- C:\Users\lawre\my-react-app\functions\index.js
- C:\Users\lawre\my-react-app\functions\node_modules\firebase-functions\lib\runtime\loader.js
- C:\Users\lawre\my-react-app\functions\node_modules\firebase-functions\lib\bin\firebase-functions.js
[error] !!  functions: Failed to load function definition from source: FirebaseError: Functions codebase could not be analyzed successfully. It may have a syntax or runtime error {"metadata":{"emulator":{"name":"functions"},"message":"Failed to load function definition from source: FirebaseError: Functions codebase could not be analyzed successfully. It may have a syntax or runtime error"}}
[info] 
┌─────────────────────────────────────────────────────────────┐
│ ✔  All emulators ready! It is now safe to connect your app. │
│ i  View Emulator UI at http://127.0.0.1:4000/               │
└─────────────────────────────────────────────────────────────┘

┌───────────┬────────────────┬─────────────────────────────────┐
│ Emulator  │ Host:Port      │ View in Emulator UI             │
├───────────┼────────────────┼─────────────────────────────────┤
│ Functions │ 127.0.0.1:5001 │ http://127.0.0.1:4000/functions │
└───────────┴────────────────┴─────────────────────────────────┘
  Emulator Hub running at 127.0.0.1:4400
  Other reserved ports: 4500

Issues? Report them at https://github.com/firebase/firebase-tools/issues and attach the *-debug.log files.
 
